2023-07-11 13:09:58.523 +06:00 [INF] Application Starting....
2023-07-11 13:14:01.318 +06:00 [FTL] Failed to Start
Microsoft.Extensions.Hosting.HostAbortedException: The host was aborted.
   at Microsoft.Extensions.Hosting.HostFactoryResolver.HostingListener.ThrowHostAborted()
   at Microsoft.Extensions.Hosting.HostFactoryResolver.HostingListener.OnNext(KeyValuePair`2 value)
   at System.Diagnostics.DiagnosticListener.Write(String name, Object value)
   at Microsoft.Extensions.Hosting.HostBuilder.ResolveHost(IServiceProvider serviceProvider, DiagnosticListener diagnosticListener)
   at Microsoft.Extensions.Hosting.HostApplicationBuilder.Build()
   at Microsoft.AspNetCore.Builder.WebApplicationBuilder.Build()
   at Program.<Main>$(String[] args) in E:\ASP.NET\Repositories\Class Wise Projects\ECommerce\ECommerce.Web\Program.cs:line 54
2023-07-11 14:27:20.204 +06:00 [INF] Application Starting....
2023-07-11 14:28:28.810 +06:00 [ERR] servcer error
System.NotImplementedException: The method or operation is not implemented.
   at ECommerce.Persistence.Repository`2.GetCount(Expression`1 filter) in E:\ASP.NET\Repositories\Class Wise Projects\ECommerce\ECommerce.Persistence\Repository.cs:line 208
   at ECommerce.Persistence.Features.Feature1.Repositories.ProductRepository.IsDuplicateName(String name, Nullable`1 id) in E:\ASP.NET\Repositories\Class Wise Projects\ECommerce\ECommerce.Persistence\Features\Feature1\Repositories\ProductRepository.cs:line 21
   at ECommerce.Infrastructure.Features.Services.ProductService.CreateProduct(String name, Double price) in E:\ASP.NET\Repositories\Class Wise Projects\ECommerce\ECommerce.Infrastructure\Features\Services\ProductService.cs:line 37
   at ECommerce.Web.Areas.Admin.Models.ProductCreateModel.CreateProduct() in E:\ASP.NET\Repositories\Class Wise Projects\ECommerce\ECommerce.Web\Areas\Admin\Models\ProductCreateModel.cs:line 30
   at ECommerce.Web.Areas.Admin.Controllers.ProductController.Create(ProductCreateModel model) in E:\ASP.NET\Repositories\Class Wise Projects\ECommerce\ECommerce.Web\Areas\Admin\Controllers\ProductController.cs:line 52
2023-07-11 14:28:38.036 +06:00 [ERR] servcer error
System.NotImplementedException: The method or operation is not implemented.
   at ECommerce.Persistence.Repository`2.GetCount(Expression`1 filter) in E:\ASP.NET\Repositories\Class Wise Projects\ECommerce\ECommerce.Persistence\Repository.cs:line 208
   at ECommerce.Persistence.Features.Feature1.Repositories.ProductRepository.IsDuplicateName(String name, Nullable`1 id) in E:\ASP.NET\Repositories\Class Wise Projects\ECommerce\ECommerce.Persistence\Features\Feature1\Repositories\ProductRepository.cs:line 19
   at ECommerce.Infrastructure.Features.Services.ProductService.UpdateProduct(Guid id, String name, Double price) in E:\ASP.NET\Repositories\Class Wise Projects\ECommerce\ECommerce.Infrastructure\Features\Services\ProductService.cs:line 51
   at ECommerce.Web.Areas.Admin.Models.ProductUpdateModel.UpdateProduct() in E:\ASP.NET\Repositories\Class Wise Projects\ECommerce\ECommerce.Web\Areas\Admin\Models\ProductUpdateModel.cs:line 39
   at ECommerce.Web.Areas.Admin.Controllers.ProductController.Update(ProductUpdateModel model) in E:\ASP.NET\Repositories\Class Wise Projects\ECommerce\ECommerce.Web\Areas\Admin\Controllers\ProductController.cs:line 81
2023-07-11 20:15:08.402 +06:00 [INF] Application Starting....
2023-07-11 20:15:13.169 +06:00 [ERR] An unhandled exception has occurred while executing the request.
Autofac.Core.DependencyResolutionException: An exception was thrown while activating Microsoft.AspNetCore.Identity.UserManager`1[[Microsoft.AspNetCore.Identity.IdentityUser, Microsoft.Extensions.Identity.Stores, Version=7.0.0.0, Culture=neutral, PublicKeyToken=adb9793829ddae60]] -> Microsoft.AspNetCore.Identity.EntityFrameworkCore.UserOnlyStore`3[[Microsoft.AspNetCore.Identity.IdentityUser, Microsoft.Extensions.Identity.Stores, Version=7.0.0.0, Culture=neutral, PublicKeyToken=adb9793829ddae60],[ECommerce.Persistence.ApplicationDbContext, ECommerce.Persistence, Version=1.0.0.0, Culture=neutral, PublicKeyToken=null],[System.String, System.Private.CoreLib, Version=7.0.0.0, Culture=neutral, PublicKeyToken=7cec85d7bea7798e]].
 ---> Autofac.Core.DependencyResolutionException: None of the constructors found on type 'Microsoft.AspNetCore.Identity.EntityFrameworkCore.UserOnlyStore`3[Microsoft.AspNetCore.Identity.IdentityUser,ECommerce.Persistence.ApplicationDbContext,System.String]' can be invoked with the available services and parameters:
Cannot resolve parameter 'ECommerce.Persistence.ApplicationDbContext context' of constructor 'Void .ctor(ECommerce.Persistence.ApplicationDbContext, Microsoft.AspNetCore.Identity.IdentityErrorDescriber)'.

See https://autofac.rtfd.io/help/no-constructors-bindable for more info.
   at Autofac.Core.Activators.Reflection.ReflectionActivator.<>c__DisplayClass14_0.<UseSingleConstructorActivation>b__0(ResolveRequestContext ctxt, Action`1 next)
   at Autofac.Core.Resolving.Middleware.DelegateMiddleware.Execute(ResolveRequestContext context, Action`1 next)
   at Autofac.Core.Resolving.Pipeline.ResolvePipelineBuilder.<>c__DisplayClass14_0.<BuildPipeline>b__1(ResolveRequestContext ctxt)
   at Autofac.Core.Resolving.Middleware.DisposalTrackingMiddleware.Execute(ResolveRequestContext context, Action`1 next)
   at Autofac.Core.Resolving.Pipeline.ResolvePipelineBuilder.<>c__DisplayClass14_0.<BuildPipeline>b__1(ResolveRequestContext ctxt)
   at Autofac.Core.Resolving.Middleware.ActivatorErrorHandlingMiddleware.Execute(ResolveRequestContext context, Action`1 next)
   --- End of inner exception stack trace ---
   at Autofac.Core.Resolving.Middleware.ActivatorErrorHandlingMiddleware.Execute(ResolveRequestContext context, Action`1 next)
   at Autofac.Core.Resolving.Pipeline.ResolvePipelineBuilder.<>c__DisplayClass14_0.<BuildPipeline>b__1(ResolveRequestContext ctxt)
   at Autofac.Core.Pipeline.ResolvePipeline.Invoke(ResolveRequestContext ctxt)
   at Autofac.Core.Resolving.Middleware.RegistrationPipelineInvokeMiddleware.Execute(ResolveRequestContext context, Action`1 next)
   at Autofac.Core.Resolving.Pipeline.ResolvePipelineBuilder.<>c__DisplayClass14_0.<BuildPipeline>b__1(ResolveRequestContext ctxt)
   at Autofac.Core.Resolving.Middleware.SharingMiddleware.<>c__DisplayClass5_0.<Execute>b__0()
   at Autofac.Core.Lifetime.LifetimeScope.CreateSharedInstance(Guid id, Func`1 creator)
   at Autofac.Core.Lifetime.LifetimeScope.CreateSharedInstance(Guid primaryId, Nullable`1 qualifyingId, Func`1 creator)
   at Autofac.Core.Resolving.Middleware.SharingMiddleware.Execute(ResolveRequestContext context, Action`1 next)
   at Autofac.Core.Resolving.Pipeline.ResolvePipelineBuilder.<>c__DisplayClass14_0.<BuildPipeline>b__1(ResolveRequestContext ctxt)
   at Autofac.Core.Resolving.Pipeline.ResolvePipelineBuilder.<>c__DisplayClass14_0.<BuildPipeline>b__1(ResolveRequestContext ctxt)
   at Autofac.Core.Resolving.Middleware.CircularDependencyDetectorMiddleware.Execute(ResolveRequestContext context, Action`1 next)
   at Autofac.Core.Resolving.Pipeline.ResolvePipelineBuilder.<>c__DisplayClass14_0.<BuildPipeline>b__1(ResolveRequestContext ctxt)
   at Autofac.Core.Pipeline.ResolvePipeline.Invoke(ResolveRequestContext ctxt)
   at Autofac.Core.Resolving.ResolveOperation.GetOrCreateInstance(ISharingLifetimeScope currentOperationScope, ResolveRequest request)
   at Autofac.Core.Resolving.ResolveOperation.ExecuteOperation(ResolveRequest request)
   at Autofac.Core.Resolving.ResolveOperation.Execute(ResolveRequest request)
   at Autofac.Core.Lifetime.LifetimeScope.ResolveComponent(ResolveRequest request)
   at Autofac.ResolutionExtensions.TryResolveService(IComponentContext context, Service service, IEnumerable`1 parameters, Object& instance)
   at Autofac.ResolutionExtensions.ResolveService(IComponentContext context, Service service, IEnumerable`1 parameters)
   at Autofac.ResolutionExtensions.Resolve(IComponentContext context, Type serviceType, IEnumerable`1 parameters)
   at Autofac.ResolutionExtensions.Resolve(IComponentContext context, Type serviceType)
   at Autofac.Extensions.DependencyInjection.AutofacServiceProvider.GetRequiredService(Type serviceType)
   at Microsoft.AspNetCore.Mvc.Razor.RazorPagePropertyActivator.<>c__DisplayClass8_0.<CreateActivateInfo>b__1(ViewContext context)
   at Microsoft.Extensions.Internal.PropertyActivator`1.Activate(Object instance, TContext context)
   at Microsoft.AspNetCore.Mvc.Razor.RazorPagePropertyActivator.Activate(Object page, ViewContext context)
   at Microsoft.AspNetCore.Mvc.Razor.RazorView.RenderPageCoreAsync(IRazorPage page, ViewContext context)
   at Microsoft.AspNetCore.Mvc.Razor.RazorView.RenderPageAsync(IRazorPage page, ViewContext context, Boolean invokeViewStarts)
   at Microsoft.AspNetCore.Mvc.Razor.RazorView.RenderAsync(ViewContext context)
   at Microsoft.AspNetCore.Mvc.TagHelpers.PartialTagHelper.RenderPartialViewAsync(TextWriter writer, Object model, IView view)
   at Microsoft.AspNetCore.Mvc.TagHelpers.PartialTagHelper.ProcessAsync(TagHelperContext context, TagHelperOutput output)
   at Microsoft.AspNetCore.Razor.Runtime.TagHelpers.TagHelperRunner.<RunAsync>g__Awaited|0_0(Task task, TagHelperExecutionContext executionContext, Int32 i, Int32 count)
   at AspNetCoreGeneratedDocument.Views_Shared__Layout.<ExecuteAsync>b__27_1()
   at Microsoft.AspNetCore.Razor.Runtime.TagHelpers.TagHelperExecutionContext.SetOutputContentAsync()
   at AspNetCoreGeneratedDocument.Views_Shared__Layout.ExecuteAsync()
   at Microsoft.AspNetCore.Mvc.Razor.RazorView.RenderPageCoreAsync(IRazorPage page, ViewContext context)
   at Microsoft.AspNetCore.Mvc.Razor.RazorView.RenderPageAsync(IRazorPage page, ViewContext context, Boolean invokeViewStarts)
   at Microsoft.AspNetCore.Mvc.Razor.RazorView.RenderLayoutAsync(ViewContext context, ViewBufferTextWriter bodyWriter)
   at Microsoft.AspNetCore.Mvc.Razor.RazorView.RenderAsync(ViewContext context)
   at Microsoft.AspNetCore.Mvc.ViewFeatures.ViewExecutor.ExecuteAsync(ViewContext viewContext, String contentType, Nullable`1 statusCode)
   at Microsoft.AspNetCore.Mvc.ViewFeatures.ViewExecutor.ExecuteAsync(ViewContext viewContext, String contentType, Nullable`1 statusCode)
   at Microsoft.AspNetCore.Mvc.ViewFeatures.ViewExecutor.ExecuteAsync(ActionContext actionContext, IView view, ViewDataDictionary viewData, ITempDataDictionary tempData, String contentType, Nullable`1 statusCode)
   at Microsoft.AspNetCore.Mvc.ViewFeatures.ViewResultExecutor.ExecuteAsync(ActionContext context, ViewResult result)
   at Microsoft.AspNetCore.Mvc.ViewResult.ExecuteResultAsync(ActionContext context)
   at Microsoft.AspNetCore.Mvc.Infrastructure.ResourceInvoker.<InvokeNextResultFilterAsync>g__Awaited|30_0[TFilter,TFilterAsync](ResourceInvoker invoker, Task lastTask, State next, Scope scope, Object state, Boolean isCompleted)
   at Microsoft.AspNetCore.Mvc.Infrastructure.ResourceInvoker.Rethrow(ResultExecutedContextSealed context)
   at Microsoft.AspNetCore.Mvc.Infrastructure.ResourceInvoker.ResultNext[TFilter,TFilterAsync](State& next, Scope& scope, Object& state, Boolean& isCompleted)
   at Microsoft.AspNetCore.Mvc.Infrastructure.ResourceInvoker.InvokeResultFilters()
--- End of stack trace from previous location ---
   at Microsoft.AspNetCore.Mvc.Infrastructure.ResourceInvoker.<InvokeNextResourceFilter>g__Awaited|25_0(ResourceInvoker invoker, Task lastTask, State next, Scope scope, Object state, Boolean isCompleted)
   at Microsoft.AspNetCore.Mvc.Infrastructure.ResourceInvoker.Rethrow(ResourceExecutedContextSealed context)
   at Microsoft.AspNetCore.Mvc.Infrastructure.ResourceInvoker.Next(State& next, Scope& scope, Object& state, Boolean& isCompleted)
   at Microsoft.AspNetCore.Mvc.Infrastructure.ResourceInvoker.InvokeFilterPipelineAsync()
--- End of stack trace from previous location ---
   at Microsoft.AspNetCore.Mvc.Infrastructure.ResourceInvoker.<InvokeAsync>g__Awaited|17_0(ResourceInvoker invoker, Task task, IDisposable scope)
   at Microsoft.AspNetCore.Mvc.Infrastructure.ResourceInvoker.<InvokeAsync>g__Awaited|17_0(ResourceInvoker invoker, Task task, IDisposable scope)
   at Microsoft.AspNetCore.Routing.EndpointMiddleware.<Invoke>g__AwaitRequestTask|6_0(Endpoint endpoint, Task requestTask, ILogger logger)
   at Microsoft.AspNetCore.Authorization.AuthorizationMiddleware.Invoke(HttpContext context)
   at Microsoft.AspNetCore.Authentication.AuthenticationMiddleware.Invoke(HttpContext context)
   at Microsoft.AspNetCore.Diagnostics.DeveloperExceptionPageMiddlewareImpl.Invoke(HttpContext context)
2023-07-11 20:16:13.357 +06:00 [INF] Application Starting....
2023-07-11 20:17:23.639 +06:00 [ERR] servcer error
System.NotImplementedException: The method or operation is not implemented.
   at ECommerce.Persistence.Repository`2.GetCount(Expression`1 filter) in E:\ASP.NET\Repositories\Class Wise Projects\ECommerce\ECommerce.Persistence\Repository.cs:line 208
   at ECommerce.Persistence.Features.Feature1.Repositories.ProductRepository.IsDuplicateName(String name, Nullable`1 id) in E:\ASP.NET\Repositories\Class Wise Projects\ECommerce\ECommerce.Persistence\Features\Feature1\Repositories\ProductRepository.cs:line 21
   at ECommerce.Infrastructure.Features.Services.ProductService.CreateProduct(String name, Double price) in E:\ASP.NET\Repositories\Class Wise Projects\ECommerce\ECommerce.Infrastructure\Features\Services\ProductService.cs:line 37
   at ECommerce.Web.Areas.Admin.Models.ProductCreateModel.CreateProduct() in E:\ASP.NET\Repositories\Class Wise Projects\ECommerce\ECommerce.Web\Areas\Admin\Models\ProductCreateModel.cs:line 30
   at ECommerce.Web.Areas.Admin.Controllers.ProductController.Create(ProductCreateModel model) in E:\ASP.NET\Repositories\Class Wise Projects\ECommerce\ECommerce.Web\Areas\Admin\Controllers\ProductController.cs:line 52
2023-07-11 20:22:10.756 +06:00 [INF] Application Starting....
2023-07-11 20:23:57.036 +06:00 [ERR] servcer error
System.NotImplementedException: The method or operation is not implemented.
   at ECommerce.Persistence.Repository`2.GetCount(Expression`1 filter) in E:\ASP.NET\Repositories\Class Wise Projects\ECommerce\ECommerce.Persistence\Repository.cs:line 208
   at ECommerce.Persistence.Features.Feature1.Repositories.ProductRepository.IsDuplicateName(String name, Nullable`1 id) in E:\ASP.NET\Repositories\Class Wise Projects\ECommerce\ECommerce.Persistence\Features\Feature1\Repositories\ProductRepository.cs:line 21
   at ECommerce.Infrastructure.Features.Services.ProductService.CreateProduct(String name, Double price) in E:\ASP.NET\Repositories\Class Wise Projects\ECommerce\ECommerce.Infrastructure\Features\Services\ProductService.cs:line 37
   at ECommerce.Web.Areas.Admin.Models.ProductCreateModel.CreateProduct() in E:\ASP.NET\Repositories\Class Wise Projects\ECommerce\ECommerce.Web\Areas\Admin\Models\ProductCreateModel.cs:line 30
   at ECommerce.Web.Areas.Admin.Controllers.ProductController.Create(ProductCreateModel model) in E:\ASP.NET\Repositories\Class Wise Projects\ECommerce\ECommerce.Web\Areas\Admin\Controllers\ProductController.cs:line 52
2023-07-11 20:27:28.907 +06:00 [ERR] servcer error
System.NotImplementedException: The method or operation is not implemented.
   at ECommerce.Persistence.Repository`2.GetCount(Expression`1 filter) in E:\ASP.NET\Repositories\Class Wise Projects\ECommerce\ECommerce.Persistence\Repository.cs:line 208
   at ECommerce.Persistence.Features.Feature1.Repositories.ProductRepository.IsDuplicateName(String name, Nullable`1 id) in E:\ASP.NET\Repositories\Class Wise Projects\ECommerce\ECommerce.Persistence\Features\Feature1\Repositories\ProductRepository.cs:line 21
   at ECommerce.Infrastructure.Features.Services.ProductService.CreateProduct(String name, Double price) in E:\ASP.NET\Repositories\Class Wise Projects\ECommerce\ECommerce.Infrastructure\Features\Services\ProductService.cs:line 37
   at ECommerce.Web.Areas.Admin.Models.ProductCreateModel.CreateProduct() in E:\ASP.NET\Repositories\Class Wise Projects\ECommerce\ECommerce.Web\Areas\Admin\Models\ProductCreateModel.cs:line 30
   at ECommerce.Web.Areas.Admin.Controllers.ProductController.Create(ProductCreateModel model) in E:\ASP.NET\Repositories\Class Wise Projects\ECommerce\ECommerce.Web\Areas\Admin\Controllers\ProductController.cs:line 52
2023-07-11 20:34:14.732 +06:00 [INF] Application Starting....
2023-07-11 20:35:55.167 +06:00 [INF] Application Starting....
2023-07-11 22:40:08.345 +06:00 [INF] Application Starting....
