2023-06-11 02:16:41.299 +06:00 [INF] Application Starting....
2023-06-11 02:17:44.940 +06:00 [INF] Application Starting....
2023-06-11 02:18:56.342 +06:00 [ERR] An unhandled exception has occurred while executing the request.
System.InvalidOperationException: The partial view '_ResponsePartial' was not found. The following locations were searched:
/Areas/Admin/Views/Product/_ResponsePartial.cshtml
/Areas/Admin/Views/Shared/_ResponsePartial.cshtml
/Views/Shared/_ResponsePartial.cshtml
/Pages/Shared/_ResponsePartial.cshtml
   at Microsoft.AspNetCore.Mvc.TagHelpers.PartialTagHelper.ProcessAsync(TagHelperContext context, TagHelperOutput output)
   at Microsoft.AspNetCore.Razor.Runtime.TagHelpers.TagHelperRunner.<RunAsync>g__Awaited|0_0(Task task, TagHelperExecutionContext executionContext, Int32 i, Int32 count)
   at AspNetCoreGeneratedDocument.Areas_Admin_Views_Product_Create.<ExecuteAsync>b__25_0()
   at Microsoft.AspNetCore.Razor.Runtime.TagHelpers.TagHelperExecutionContext.GetChildContentAsync(Boolean useCachedResult, HtmlEncoder encoder)
   at Microsoft.AspNetCore.Mvc.TagHelpers.RenderAtEndOfFormTagHelper.ProcessAsync(TagHelperContext context, TagHelperOutput output)
   at Microsoft.AspNetCore.Razor.Runtime.TagHelpers.TagHelperRunner.<RunAsync>g__Awaited|0_0(Task task, TagHelperExecutionContext executionContext, Int32 i, Int32 count)
   at AspNetCoreGeneratedDocument.Areas_Admin_Views_Product_Create.ExecuteAsync() in D:\ASP.NET\rashed_aspnet_b8\ECommerce\ECommerce.Web\Areas\Admin\Views\Product\Create.cshtml:line 17
   at Microsoft.AspNetCore.Mvc.Razor.RazorView.RenderPageCoreAsync(IRazorPage page, ViewContext context)
   at Microsoft.AspNetCore.Mvc.Razor.RazorView.RenderPageAsync(IRazorPage page, ViewContext context, Boolean invokeViewStarts)
   at Microsoft.AspNetCore.Mvc.Razor.RazorView.RenderAsync(ViewContext context)
   at Microsoft.AspNetCore.Mvc.ViewFeatures.ViewExecutor.ExecuteAsync(ViewContext viewContext, String contentType, Nullable`1 statusCode)
   at Microsoft.AspNetCore.Mvc.ViewFeatures.ViewExecutor.ExecuteAsync(ViewContext viewContext, String contentType, Nullable`1 statusCode)
   at Microsoft.AspNetCore.Mvc.ViewFeatures.ViewExecutor.ExecuteAsync(ActionContext actionContext, IView view, ViewDataDictionary viewData, ITempDataDictionary tempData, String contentType, Nullable`1 statusCode)
   at Microsoft.AspNetCore.Mvc.ViewFeatures.ViewResultExecutor.ExecuteAsync(ActionContext context, ViewResult result)
   at Microsoft.AspNetCore.Mvc.ViewResult.ExecuteResultAsync(ActionContext context)
   at Microsoft.AspNetCore.Mvc.Infrastructure.ResourceInvoker.<InvokeNextResultFilterAsync>g__Awaited|30_0[TFilter,TFilterAsync](ResourceInvoker invoker, Task lastTask, State next, Scope scope, Object state, Boolean isCompleted)
   at Microsoft.AspNetCore.Mvc.Infrastructure.ResourceInvoker.Rethrow(ResultExecutedContextSealed context)
   at Microsoft.AspNetCore.Mvc.Infrastructure.ResourceInvoker.ResultNext[TFilter,TFilterAsync](State& next, Scope& scope, Object& state, Boolean& isCompleted)
   at Microsoft.AspNetCore.Mvc.Infrastructure.ResourceInvoker.InvokeResultFilters()
--- End of stack trace from previous location ---
   at Microsoft.AspNetCore.Mvc.Infrastructure.ResourceInvoker.<InvokeNextResourceFilter>g__Awaited|25_0(ResourceInvoker invoker, Task lastTask, State next, Scope scope, Object state, Boolean isCompleted)
   at Microsoft.AspNetCore.Mvc.Infrastructure.ResourceInvoker.Rethrow(ResourceExecutedContextSealed context)
   at Microsoft.AspNetCore.Mvc.Infrastructure.ResourceInvoker.Next(State& next, Scope& scope, Object& state, Boolean& isCompleted)
   at Microsoft.AspNetCore.Mvc.Infrastructure.ResourceInvoker.InvokeFilterPipelineAsync()
--- End of stack trace from previous location ---
   at Microsoft.AspNetCore.Mvc.Infrastructure.ResourceInvoker.<InvokeAsync>g__Awaited|17_0(ResourceInvoker invoker, Task task, IDisposable scope)
   at Microsoft.AspNetCore.Mvc.Infrastructure.ResourceInvoker.<InvokeAsync>g__Awaited|17_0(ResourceInvoker invoker, Task task, IDisposable scope)
   at Microsoft.AspNetCore.Routing.EndpointMiddleware.<Invoke>g__AwaitRequestTask|6_0(Endpoint endpoint, Task requestTask, ILogger logger)
   at Microsoft.AspNetCore.Authorization.AuthorizationMiddleware.Invoke(HttpContext context)
   at Microsoft.AspNetCore.Authentication.AuthenticationMiddleware.Invoke(HttpContext context)
   at Microsoft.AspNetCore.Diagnostics.DeveloperExceptionPageMiddlewareImpl.Invoke(HttpContext context)
2023-06-11 02:22:13.255 +06:00 [INF] Application Starting....
2023-06-11 02:25:21.640 +06:00 [INF] Application Starting....
2023-06-11 13:18:19.163 +06:00 [INF] Application Starting....
2023-06-11 13:23:05.504 +06:00 [INF] Application Starting....
2023-06-11 13:24:51.084 +06:00 [ERR] servcer error
System.NotImplementedException: The method or operation is not implemented.
   at ECommerce.Persistence.Repository`2.GetCount(Expression`1 filter) in D:\ASP.NET\rashed_aspnet_b8\ECommerce\ECommerce.Persistence\Repository.cs:line 190
   at ECommerce.Persistence.Features.Feature1.Repositories.ProductRepository.IsDuplicateName(String name, Nullable`1 id) in D:\ASP.NET\rashed_aspnet_b8\ECommerce\ECommerce.Persistence\Features\Feature1\Repositories\ProductRepository.cs:line 20
   at ECommerce.Infrastructure.Features.Services.ProductService.CreateProduct(String name, Double price) in D:\ASP.NET\rashed_aspnet_b8\ECommerce\ECommerce.Infrastructure\Features\Services\ProductService.cs:line 32
   at ECommerce.Web.Areas.Admin.Models.ProductCreateModel.CreateProduct()
   at ECommerce.Web.Areas.Admin.Controllers.ProductController.Create(ProductCreateModel model)
2023-06-11 13:32:45.094 +06:00 [INF] Application Starting....
2023-06-11 13:37:14.121 +06:00 [INF] Application Starting....
2023-06-11 13:40:02.864 +06:00 [INF] Application Starting....
2023-06-11 13:41:26.549 +06:00 [ERR] An unhandled exception has occurred while executing the request.
System.NullReferenceException: Object reference not set to an instance of an object.
   at ECommerce.Web.Areas.Admin.Models.ProductUpdateModel.Load(Guid id) in D:\ASP.NET\rashed_aspnet_b8\ECommerce\ECommerce.Web\Areas\Admin\Models\ProductUpdateModel.cs:line 31
   at ECommerce.Web.Areas.Admin.Controllers.ProductController.Update(Guid id) in D:\ASP.NET\rashed_aspnet_b8\ECommerce\ECommerce.Web\Areas\Admin\Controllers\ProductController.cs:line 58
   at lambda_method558(Closure, Object, Object[])
   at Microsoft.AspNetCore.Mvc.Infrastructure.ActionMethodExecutor.SyncActionResultExecutor.Execute(ActionContext actionContext, IActionResultTypeMapper mapper, ObjectMethodExecutor executor, Object controller, Object[] arguments)
   at Microsoft.AspNetCore.Mvc.Infrastructure.ControllerActionInvoker.InvokeActionMethodAsync()
   at Microsoft.AspNetCore.Mvc.Infrastructure.ControllerActionInvoker.Next(State& next, Scope& scope, Object& state, Boolean& isCompleted)
   at Microsoft.AspNetCore.Mvc.Infrastructure.ControllerActionInvoker.InvokeNextActionFilterAsync()
--- End of stack trace from previous location ---
   at Microsoft.AspNetCore.Mvc.Infrastructure.ControllerActionInvoker.Rethrow(ActionExecutedContextSealed context)
   at Microsoft.AspNetCore.Mvc.Infrastructure.ControllerActionInvoker.Next(State& next, Scope& scope, Object& state, Boolean& isCompleted)
   at Microsoft.AspNetCore.Mvc.Infrastructure.ControllerActionInvoker.InvokeInnerFilterAsync()
--- End of stack trace from previous location ---
   at Microsoft.AspNetCore.Mvc.Infrastructure.ResourceInvoker.<InvokeNextResourceFilter>g__Awaited|25_0(ResourceInvoker invoker, Task lastTask, State next, Scope scope, Object state, Boolean isCompleted)
   at Microsoft.AspNetCore.Mvc.Infrastructure.ResourceInvoker.Rethrow(ResourceExecutedContextSealed context)
   at Microsoft.AspNetCore.Mvc.Infrastructure.ResourceInvoker.Next(State& next, Scope& scope, Object& state, Boolean& isCompleted)
   at Microsoft.AspNetCore.Mvc.Infrastructure.ResourceInvoker.InvokeFilterPipelineAsync()
--- End of stack trace from previous location ---
   at Microsoft.AspNetCore.Mvc.Infrastructure.ResourceInvoker.<InvokeAsync>g__Awaited|17_0(ResourceInvoker invoker, Task task, IDisposable scope)
   at Microsoft.AspNetCore.Mvc.Infrastructure.ResourceInvoker.<InvokeAsync>g__Awaited|17_0(ResourceInvoker invoker, Task task, IDisposable scope)
   at Microsoft.AspNetCore.Routing.EndpointMiddleware.<Invoke>g__AwaitRequestTask|6_0(Endpoint endpoint, Task requestTask, ILogger logger)
   at Microsoft.AspNetCore.Authorization.AuthorizationMiddleware.Invoke(HttpContext context)
   at Microsoft.AspNetCore.Authentication.AuthenticationMiddleware.Invoke(HttpContext context)
   at Microsoft.AspNetCore.Diagnostics.DeveloperExceptionPageMiddlewareImpl.Invoke(HttpContext context)
2023-06-11 13:45:38.959 +06:00 [INF] Application Starting....
2023-06-11 13:46:05.901 +06:00 [ERR] servcer error
System.NotImplementedException: The method or operation is not implemented.
   at ECommerce.Persistence.Repository`2.GetCount(Expression`1 filter) in D:\ASP.NET\rashed_aspnet_b8\ECommerce\ECommerce.Persistence\Repository.cs:line 190
   at ECommerce.Persistence.Features.Feature1.Repositories.ProductRepository.IsDuplicateName(String name, Nullable`1 id) in D:\ASP.NET\rashed_aspnet_b8\ECommerce\ECommerce.Persistence\Features\Feature1\Repositories\ProductRepository.cs:line 18
   at ECommerce.Infrastructure.Features.Services.ProductService.UpdateProduct(Guid id, String name, Double price) in D:\ASP.NET\rashed_aspnet_b8\ECommerce\ECommerce.Infrastructure\Features\Services\ProductService.cs:line 50
   at ECommerce.Web.Areas.Admin.Models.ProductUpdateModel.UpdateProduct() in D:\ASP.NET\rashed_aspnet_b8\ECommerce\ECommerce.Web\Areas\Admin\Models\ProductUpdateModel.cs:line 39
   at ECommerce.Web.Areas.Admin.Controllers.ProductController.Update(ProductUpdateModel model) in D:\ASP.NET\rashed_aspnet_b8\ECommerce\ECommerce.Web\Areas\Admin\Controllers\ProductController.cs:line 70
2023-06-11 14:04:18.095 +06:00 [INF] Application Starting....
2023-06-11 14:06:45.068 +06:00 [INF] Application Starting....
2023-06-11 14:16:50.257 +06:00 [INF] Application Starting....
2023-06-11 14:17:16.977 +06:00 [ERR] servcer error
System.NotImplementedException: The method or operation is not implemented.
   at ECommerce.Persistence.Repository`2.GetCount(Expression`1 filter) in D:\ASP.NET\rashed_aspnet_b8\ECommerce\ECommerce.Persistence\Repository.cs:line 190
   at ECommerce.Persistence.Features.Feature1.Repositories.ProductRepository.IsDuplicateName(String name, Nullable`1 id) in D:\ASP.NET\rashed_aspnet_b8\ECommerce\ECommerce.Persistence\Features\Feature1\Repositories\ProductRepository.cs:line 18
   at ECommerce.Infrastructure.Features.Services.ProductService.UpdateProduct(Guid id, String name, Double price) in D:\ASP.NET\rashed_aspnet_b8\ECommerce\ECommerce.Infrastructure\Features\Services\ProductService.cs:line 50
   at ECommerce.Web.Areas.Admin.Models.ProductUpdateModel.UpdateProduct() in D:\ASP.NET\rashed_aspnet_b8\ECommerce\ECommerce.Web\Areas\Admin\Models\ProductUpdateModel.cs:line 39
   at ECommerce.Web.Areas.Admin.Controllers.ProductController.Update(ProductUpdateModel model) in D:\ASP.NET\rashed_aspnet_b8\ECommerce\ECommerce.Web\Areas\Admin\Controllers\ProductController.cs:line 70
2023-06-11 14:32:00.128 +06:00 [INF] Application Starting....
2023-06-11 14:39:05.727 +06:00 [ERR] servcer error
System.NotImplementedException: The method or operation is not implemented.
   at ECommerce.Persistence.Repository`2.GetCount(Expression`1 filter) in D:\ASP.NET\rashed_aspnet_b8\ECommerce\ECommerce.Persistence\Repository.cs:line 190
   at ECommerce.Persistence.Features.Feature1.Repositories.ProductRepository.IsDuplicateName(String name, Nullable`1 id) in D:\ASP.NET\rashed_aspnet_b8\ECommerce\ECommerce.Persistence\Features\Feature1\Repositories\ProductRepository.cs:line 20
   at ECommerce.Infrastructure.Features.Services.ProductService.CreateProduct(String name, Double price) in D:\ASP.NET\rashed_aspnet_b8\ECommerce\ECommerce.Infrastructure\Features\Services\ProductService.cs:line 36
   at ECommerce.Web.Areas.Admin.Models.ProductCreateModel.CreateProduct()
   at ECommerce.Web.Areas.Admin.Controllers.ProductController.Create(ProductCreateModel model)
2023-06-11 22:11:27.779 +06:00 [INF] Application Starting....
2023-06-11 22:12:34.057 +06:00 [ERR] servcer error
System.NotImplementedException: The method or operation is not implemented.
   at ECommerce.Persistence.Repository`2.GetCount(Expression`1 filter) in D:\ASP.NET\rashed_aspnet_b8\ECommerce\ECommerce.Persistence\Repository.cs:line 190
   at ECommerce.Persistence.Features.Feature1.Repositories.ProductRepository.IsDuplicateName(String name, Nullable`1 id) in D:\ASP.NET\rashed_aspnet_b8\ECommerce\ECommerce.Persistence\Features\Feature1\Repositories\ProductRepository.cs:line 20
   at ECommerce.Infrastructure.Features.Services.ProductService.CreateProduct(String name, Double price) in D:\ASP.NET\rashed_aspnet_b8\ECommerce\ECommerce.Infrastructure\Features\Services\ProductService.cs:line 36
   at ECommerce.Web.Areas.Admin.Models.ProductCreateModel.CreateProduct() in D:\ASP.NET\rashed_aspnet_b8\ECommerce\ECommerce.Web\Areas\Admin\Models\ProductCreateModel.cs:line 30
   at ECommerce.Web.Areas.Admin.Controllers.ProductController.Create(ProductCreateModel model) in D:\ASP.NET\rashed_aspnet_b8\ECommerce\ECommerce.Web\Areas\Admin\Controllers\ProductController.cs:line 41
2023-06-11 22:19:09.146 +06:00 [ERR] servcer error
System.NotImplementedException: The method or operation is not implemented.
   at ECommerce.Persistence.Repository`2.GetCount(Expression`1 filter) in D:\ASP.NET\rashed_aspnet_b8\ECommerce\ECommerce.Persistence\Repository.cs:line 190
   at ECommerce.Persistence.Features.Feature1.Repositories.ProductRepository.IsDuplicateName(String name, Nullable`1 id) in D:\ASP.NET\rashed_aspnet_b8\ECommerce\ECommerce.Persistence\Features\Feature1\Repositories\ProductRepository.cs:line 18
   at ECommerce.Infrastructure.Features.Services.ProductService.UpdateProduct(Guid id, String name, Double price) in D:\ASP.NET\rashed_aspnet_b8\ECommerce\ECommerce.Infrastructure\Features\Services\ProductService.cs:line 50
   at ECommerce.Web.Areas.Admin.Models.ProductUpdateModel.UpdateProduct() in D:\ASP.NET\rashed_aspnet_b8\ECommerce\ECommerce.Web\Areas\Admin\Models\ProductUpdateModel.cs:line 39
   at ECommerce.Web.Areas.Admin.Controllers.ProductController.Update(ProductUpdateModel model) in D:\ASP.NET\rashed_aspnet_b8\ECommerce\ECommerce.Web\Areas\Admin\Controllers\ProductController.cs:line 70
2023-06-11 23:10:43.930 +06:00 [ERR] servcer error
System.NotImplementedException: The method or operation is not implemented.
   at ECommerce.Persistence.Repository`2.GetCount(Expression`1 filter) in D:\ASP.NET\rashed_aspnet_b8\ECommerce\ECommerce.Persistence\Repository.cs:line 190
   at ECommerce.Persistence.Features.Feature1.Repositories.ProductRepository.IsDuplicateName(String name, Nullable`1 id) in D:\ASP.NET\rashed_aspnet_b8\ECommerce\ECommerce.Persistence\Features\Feature1\Repositories\ProductRepository.cs:line 20
   at ECommerce.Infrastructure.Features.Services.ProductService.CreateProduct(String name, Double price) in D:\ASP.NET\rashed_aspnet_b8\ECommerce\ECommerce.Infrastructure\Features\Services\ProductService.cs:line 36
   at ECommerce.Web.Areas.Admin.Models.ProductCreateModel.CreateProduct()
   at ECommerce.Web.Areas.Admin.Controllers.ProductController.Create(ProductCreateModel model)
2023-06-11 23:16:49.664 +06:00 [ERR] servcer error
System.NotImplementedException: The method or operation is not implemented.
   at ECommerce.Persistence.Repository`2.GetCount(Expression`1 filter) in D:\ASP.NET\rashed_aspnet_b8\ECommerce\ECommerce.Persistence\Repository.cs:line 190
   at ECommerce.Persistence.Features.Feature1.Repositories.ProductRepository.IsDuplicateName(String name, Nullable`1 id) in D:\ASP.NET\rashed_aspnet_b8\ECommerce\ECommerce.Persistence\Features\Feature1\Repositories\ProductRepository.cs:line 18
   at ECommerce.Infrastructure.Features.Services.ProductService.UpdateProduct(Guid id, String name, Double price) in D:\ASP.NET\rashed_aspnet_b8\ECommerce\ECommerce.Infrastructure\Features\Services\ProductService.cs:line 50
   at ECommerce.Web.Areas.Admin.Models.ProductUpdateModel.UpdateProduct()
   at ECommerce.Web.Areas.Admin.Controllers.ProductController.Update(ProductUpdateModel model)
2023-06-11 23:48:26.981 +06:00 [INF] Application Starting....
2023-06-11 23:49:13.177 +06:00 [ERR] servcer error
System.NotImplementedException: The method or operation is not implemented.
   at ECommerce.Persistence.Repository`2.GetCount(Expression`1 filter) in D:\ASP.NET\rashed_aspnet_b8\ECommerce\ECommerce.Persistence\Repository.cs:line 190
   at ECommerce.Persistence.Features.Feature1.Repositories.ProductRepository.IsDuplicateName(String name, Nullable`1 id) in D:\ASP.NET\rashed_aspnet_b8\ECommerce\ECommerce.Persistence\Features\Feature1\Repositories\ProductRepository.cs:line 21
   at ECommerce.Infrastructure.Features.Services.ProductService.CreateProduct(String name, Double price) in D:\ASP.NET\rashed_aspnet_b8\ECommerce\ECommerce.Infrastructure\Features\Services\ProductService.cs:line 36
   at ECommerce.Web.Areas.Admin.Models.ProductCreateModel.CreateProduct() in D:\ASP.NET\rashed_aspnet_b8\ECommerce\ECommerce.Web\Areas\Admin\Models\ProductCreateModel.cs:line 30
   at ECommerce.Web.Areas.Admin.Controllers.ProductController.Create(ProductCreateModel model) in D:\ASP.NET\rashed_aspnet_b8\ECommerce\ECommerce.Web\Areas\Admin\Controllers\ProductController.cs:line 41
