2023-06-07 00:04:07.753 +06:00 [INF] App starting
2023-06-07 00:43:18.346 +06:00 [FTL] Failed to start application.
System.InvalidOperationException: Unable to find the required services. Please add all the required services by calling 'IServiceCollection.AddRazorPages' inside the call to 'ConfigureServices(...)' in the application startup code.
   at Microsoft.AspNetCore.Builder.RazorPagesEndpointRouteBuilderExtensions.EnsureRazorPagesServices(IEndpointRouteBuilder endpoints)
   at Microsoft.AspNetCore.Builder.RazorPagesEndpointRouteBuilderExtensions.MapRazorPages(IEndpointRouteBuilder endpoints)
   at Program.<Main>$(String[] args) in D:\ASP.NET\rashed_aspnet_b8\ECommerce\ECommerce.Web\Program.cs:line 59
2023-06-07 00:43:46.458 +06:00 [FTL] Failed to start application.
System.InvalidOperationException: Unable to find the required services. Please add all the required services by calling 'IServiceCollection.AddRazorPages' inside the call to 'ConfigureServices(...)' in the application startup code.
   at Microsoft.AspNetCore.Builder.RazorPagesEndpointRouteBuilderExtensions.EnsureRazorPagesServices(IEndpointRouteBuilder endpoints)
   at Microsoft.AspNetCore.Builder.RazorPagesEndpointRouteBuilderExtensions.MapRazorPages(IEndpointRouteBuilder endpoints)
   at Program.<Main>$(String[] args) in D:\ASP.NET\rashed_aspnet_b8\ECommerce\ECommerce.Web\Program.cs:line 59
2023-06-07 00:45:32.803 +06:00 [FTL] Failed to start application.
System.InvalidOperationException: Unable to find the required services. Please add all the required services by calling 'IServiceCollection.AddRazorPages' inside the call to 'ConfigureServices(...)' in the application startup code.
   at Microsoft.AspNetCore.Builder.RazorPagesEndpointRouteBuilderExtensions.EnsureRazorPagesServices(IEndpointRouteBuilder endpoints)
   at Microsoft.AspNetCore.Builder.RazorPagesEndpointRouteBuilderExtensions.MapRazorPages(IEndpointRouteBuilder endpoints)
   at Program.<Main>$(String[] args) in D:\ASP.NET\rashed_aspnet_b8\ECommerce\ECommerce.Web\Program.cs:line 59
2023-06-07 00:48:37.640 +06:00 [INF] Application Starting....
2023-06-07 00:49:07.903 +06:00 [ERR] The view 'Index' was not found. Searched locations: ["/Views/Dashboard/Index.cshtml","/Views/Shared/Index.cshtml","/Pages/Shared/Index.cshtml"]
2023-06-07 00:49:08.070 +06:00 [ERR] An unhandled exception has occurred while executing the request.
System.InvalidOperationException: The view 'Index' was not found. The following locations were searched:
/Views/Dashboard/Index.cshtml
/Views/Shared/Index.cshtml
/Pages/Shared/Index.cshtml
   at Microsoft.AspNetCore.Mvc.ViewEngines.ViewEngineResult.EnsureSuccessful(IEnumerable`1 originalLocations)
   at Microsoft.AspNetCore.Mvc.ViewFeatures.ViewResultExecutor.ExecuteAsync(ActionContext context, ViewResult result)
   at Microsoft.AspNetCore.Mvc.ViewResult.ExecuteResultAsync(ActionContext context)
   at Microsoft.AspNetCore.Mvc.Infrastructure.ResourceInvoker.<InvokeNextResultFilterAsync>g__Awaited|30_0[TFilter,TFilterAsync](ResourceInvoker invoker, Task lastTask, State next, Scope scope, Object state, Boolean isCompleted)
   at Microsoft.AspNetCore.Mvc.Infrastructure.ResourceInvoker.Rethrow(ResultExecutedContextSealed context)
   at Microsoft.AspNetCore.Mvc.Infrastructure.ResourceInvoker.ResultNext[TFilter,TFilterAsync](State& next, Scope& scope, Object& state, Boolean& isCompleted)
   at Microsoft.AspNetCore.Mvc.Infrastructure.ResourceInvoker.InvokeResultFilters()
--- End of stack trace from previous location ---
   at Microsoft.AspNetCore.Mvc.Infrastructure.ResourceInvoker.<InvokeNextResourceFilter>g__Awaited|25_0(ResourceInvoker invoker, Task lastTask, State next, Scope scope, Object state, Boolean isCompleted)
   at Microsoft.AspNetCore.Mvc.Infrastructure.ResourceInvoker.Rethrow(ResourceExecutedContextSealed context)
   at Microsoft.AspNetCore.Mvc.Infrastructure.ResourceInvoker.Next(State& next, Scope& scope, Object& state, Boolean& isCompleted)
   at Microsoft.AspNetCore.Mvc.Infrastructure.ResourceInvoker.InvokeFilterPipelineAsync()
--- End of stack trace from previous location ---
   at Microsoft.AspNetCore.Mvc.Infrastructure.ResourceInvoker.<InvokeAsync>g__Awaited|17_0(ResourceInvoker invoker, Task task, IDisposable scope)
   at Microsoft.AspNetCore.Mvc.Infrastructure.ResourceInvoker.<InvokeAsync>g__Awaited|17_0(ResourceInvoker invoker, Task task, IDisposable scope)
   at Microsoft.AspNetCore.Routing.EndpointMiddleware.<Invoke>g__AwaitRequestTask|6_0(Endpoint endpoint, Task requestTask, ILogger logger)
   at Microsoft.AspNetCore.Authorization.AuthorizationMiddleware.Invoke(HttpContext context)
   at Microsoft.AspNetCore.Authentication.AuthenticationMiddleware.Invoke(HttpContext context)
   at Microsoft.AspNetCore.Diagnostics.DeveloperExceptionPageMiddlewareImpl.Invoke(HttpContext context)
2023-06-07 00:50:31.695 +06:00 [INF] Application Starting....
2023-06-07 00:52:42.169 +06:00 [INF] Application Starting....
2023-06-07 01:01:53.904 +06:00 [INF] Application Starting....
2023-06-07 01:18:29.689 +06:00 [INF] Application Starting....
2023-06-07 01:18:56.380 +06:00 [WRN] Unable to configure browser refresh script injection on the response. Consider manually adding '<script src="/_framework/aspnetcore-browser-refresh.js"></script>' to the body of the page.
2023-06-07 01:25:36.194 +06:00 [INF] Application Starting....
2023-06-07 10:04:00.432 +06:00 [INF] Application Starting....
2023-06-07 10:13:38.863 +06:00 [INF] Application Starting....
2023-06-07 10:21:45.507 +06:00 [INF] Application Starting....
2023-06-07 10:23:07.041 +06:00 [INF] Application Starting....
